writeCommonTags: couldn't write 'track' tag to 'Coldplay/A Rush Of Blood To The Head/01 - Politik.m4a' as it's not a positive integer
writeCommonTags: couldn't write 'track' tag to 'Coldplay/A Rush Of Blood To The Head/02 - In My Place.m4a' as it's not a positive integer
writeCommonTags: couldn't write 'track' tag to 'Coldplay/A Rush Of Blood To The Head/03 - God Put A Smile Upon Your Face.m4a' as it's not a positive integer
writeCommonTags: couldn't write 'track' tag to 'Coldplay/A Rush Of Blood To The Head/04 - The Scientist.m4a' as it's not a positive integer
writeCommonTags: couldn't write 'track' tag to 'Coldplay/A Rush Of Blood To The Head/05 - Clocks.m4a' as it's not a positive integer
writeCommonTags: couldn't write 'track' tag to 'Coldplay/A Rush Of Blood To The Head/06 - Daylight.m4a' as it's not a positive integer
writeCommonTags: couldn't write 'track' tag to 'Coldplay/A Rush Of Blood To The Head/07 - Green Eyes.m4a' as it's not a positive integer
writeCommonTags: couldn't write 'track' tag to 'Coldplay/A Rush Of Blood To The Head/08 - Warning Sign.m4a' as it's not a positive integer
writeCommonTags: couldn't write 'track' tag to 'Coldplay/A Rush Of Blood To The Head/09 - A Whisper.m4a' as it's not a positive integer
writeCommonTags: couldn't write 'track' tag to 'Coldplay/A Rush Of Blood To The Head/10 - A Rush Of Blood To The Head.m4a' as it's not a positive integer
writeCommonTags: couldn't write 'track' tag to 'Coldplay/A Rush Of Blood To The Head/11 - Amsterdam.m4a' as it's not a positive integer
writeCommonTags: couldn't write 'track' tag to 'Coldplay/Parachutes/01 - Don't Panic.m4a' as it's not a positive integer
writeCommonTags: couldn't write 'track' tag to 'Coldplay/Parachutes/02 - Shiver.m4a' as it's not a positive integer
writeCommonTags: couldn't write 'track' tag to 'Coldplay/Parachutes/03 - Spies.m4a' as it's not a positive integer
writeCommonTags: couldn't write 'track' tag to 'Coldplay/Parachutes/04 - Sparks.m4a' as it's not a positive integer
writeCommonTags: couldn't write 'track' tag to 'Coldplay/Parachutes/05 - Yellow.m4a' as it's not a positive integer
writeCommonTags: couldn't write 'track' tag to 'Coldplay/Parachutes/06 - Trouble.m4a' as it's not a positive integer
writeCommonTags: couldn't write 'track' tag to 'Coldplay/Parachutes/07 - Parachutes.m4a' as it's not a positive integer
writeCommonTags: couldn't write 'track' tag to 'Coldplay/Parachutes/08 - High Speed.m4a' as it's not a positive integer
writeCommonTags: couldn't write 'track' tag to 'Coldplay/Parachutes/09 - We Never Change.m4a' as it's not a positive integer
writeCommonTags: couldn't write 'track' tag to 'Coldplay/Parachutes/10 - Everything's Not Lost.m4a' as it's not a positive integer
writeCommonTags: couldn't write 'track' tag to 'Coldplay/Prospekt's March [EP]/01 - Life In Technicolor II.m4a' as it's not a positive integer
writeCommonTags: couldn't write 'track' tag to 'Coldplay/Prospekt's March [EP]/02 - Postcards From Far Away.m4a' as it's not a positive integer
writeCommonTags: couldn't write 'track' tag to 'Coldplay/Prospekt's March [EP]/03 - Glass Of Water.m4a' as it's not a positive integer
writeCommonTags: couldn't write 'track' tag to 'Coldplay/Prospekt's March [EP]/04 - Rainy Day.m4a' as it's not a positive integer
writeCommonTags: couldn't write 'track' tag to 'Coldplay/Prospekt's March [EP]/05 - Prospekt's March.m4a' as it's not a positive integer
writeCommonTags: couldn't write 'track' tag to 'Coldplay/Prospekt's March [EP]/06 - Lost+.m4a' as it's not a positive integer
writeCommonTags: couldn't write 'track' tag to 'Coldplay/Prospekt's March [EP]/07 - Lovers In Japan (Osaka Sun Mix).m4a' as it's not a positive integer
writeCommonTags: couldn't write 'track' tag to 'Coldplay/Prospekt's March [EP]/08 - Now My Feet Wont Touch The Ground.m4a' as it's not a positive integer
writeCommonTags: couldn't write 'track' tag to 'Coldplay/Viva La Vida Or Death And All His Friend/01 - Life In Technicolour.m4a' as it's not a positive integer
writeCommonTags: couldn't write 'track' tag to 'Coldplay/Viva La Vida Or Death And All His Friend/02 - Cemeteries Of London.m4a' as it's not a positive integer
writeCommonTags: couldn't write 'track' tag to 'Coldplay/Viva La Vida Or Death And All His Friend/03 - Lost!.m4a' as it's not a positive integer
writeCommonTags: couldn't write 'track' tag to 'Coldplay/Viva La Vida Or Death And All His Friend/04 - 42.m4a' as it's not a positive integer
writeCommonTags: couldn't write 'track' tag to 'Coldplay/Viva La Vida Or Death And All His Friend/05 - Lovers In Japan_Reign Of Love.m4a' as it's not a positive integer
writeCommonTags: couldn't write 'track' tag to 'Coldplay/Viva La Vida Or Death And All His Friend/06 - Yes.m4a' as it's not a positive integer
writeCommonTags: couldn't write 'track' tag to 'Coldplay/Viva La Vida Or Death And All His Friend/07 - Viva La Vida.m4a' as it's not a positive integer
writeCommonTags: couldn't write 'track' tag to 'Coldplay/Viva La Vida Or Death And All His Friend/08 - Violet Hill.m4a' as it's not a positive integer
writeCommonTags: couldn't write 'track' tag to 'Coldplay/Viva La Vida Or Death And All His Friend/09 - Strawberry Swing.m4a' as it's not a positive integer
writeCommonTags: couldn't write 'track' tag to 'Coldplay/Viva La Vida Or Death And All His Friend/10 - Death And All His Friends.m4a' as it's not a positive integer
writeCommonTags: couldn't write 'track' tag to 'Coldplay/X&Y/01 - Square One.m4a' as it's not a positive integer
writeCommonTags: couldn't write 'track' tag to 'Coldplay/X&Y/02 - What If.m4a' as it's not a positive integer
writeCommonTags: couldn't write 'track' tag to 'Coldplay/X&Y/03 - White Shadows.m4a' as it's not a positive integer
writeCommonTags: couldn't write 'track' tag to 'Coldplay/X&Y/04 - Fix You.m4a' as it's not a positive integer
writeCommonTags: couldn't write 'track' tag to 'Coldplay/X&Y/05 - Talk.m4a' as it's not a positive integer
writeCommonTags: couldn't write 'track' tag to 'Coldplay/X&Y/06 - X&Y.m4a' as it's not a positive integer
writeCommonTags: couldn't write 'track' tag to 'Coldplay/X&Y/07 - Speed Of Sound.m4a' as it's not a positive integer
writeCommonTags: couldn't write 'track' tag to 'Coldplay/X&Y/08 - A Message.m4a' as it's not a positive integer
writeCommonTags: couldn't write 'track' tag to 'Coldplay/X&Y/09 - Low.m4a' as it's not a positive integer
writeCommonTags: couldn't write 'track' tag to 'Coldplay/X&Y/10 - The Hardest Part.m4a' as it's not a positive integer
writeCommonTags: couldn't write 'track' tag to 'Coldplay/X&Y/11 - Swallowed In The Sea.m4a' as it's not a positive integer
writeCommonTags: couldn't write 'track' tag to 'Coldplay/X&Y/12 - Twisted Logic.m4a' as it's not a positive integer
writeCommonTags: couldn't write 'track' tag to 'Coldplay/X&Y/13 - Til Kingdom Come.m4a' as it's not a positive integer
writeCommonTags: couldn't write 'year' tag to 'Ellie Goulding/Halcyon/20 - Hanging On.mp4' as it's not a positive integer
writeCommonTags: couldn't write 'track' tag to 'Ellie Goulding/Halcyon/20 - Hanging On.mp4' as it's not a positive integer
writeCommonTags: couldn't write 'year' tag to 'Ellie Goulding/Halcyon/21 - Anything Could Happen.mp4' as it's not a positive integer
writeCommonTags: couldn't write 'track' tag to 'Ellie Goulding/Halcyon/21 - Anything Could Happen.mp4' as it's not a positive integer
writeCommonTags: couldn't write 'year' tag to 'Ellie Goulding/Halcyon/22 - Paper Planes & Playground Games.mp4' as it's not a positive integer
writeCommonTags: couldn't write 'track' tag to 'Ellie Goulding/Halcyon/22 - Paper Planes & Playground Games.mp4' as it's not a positive integer
writeCommonTags: couldn't write 'year' tag to 'Mike Heckbert/Thus Spoke The Snake/01 - Here I Am.wma' as it's not a positive integer
writeCommonTags: couldn't write 'year' tag to 'Mike Heckbert/Thus Spoke The Snake/02 - Hello World.wma' as it's not a positive integer
writeCommonTags: couldn't write 'year' tag to 'Mike Heckbert/Thus Spoke The Snake/03 - Humanity.wma' as it's not a positive integer
writeCommonTags: couldn't write 'year' tag to 'Mike Heckbert/Thus Spoke The Snake/04 - Corporate Man.wma' as it's not a positive integer
writeCommonTags: couldn't write 'year' tag to 'Mike Heckbert/Thus Spoke The Snake/05 - Something is Wrong Here.wma' as it's not a positive integer
writeCommonTags: couldn't write 'year' tag to 'Mike Heckbert/Thus Spoke The Snake/06 - We Need to Change.wma' as it's not a positive integer
writeCommonTags: couldn't write 'year' tag to 'Mike Heckbert/Thus Spoke The Snake/07 - It's About Time.wma' as it's not a positive integer
writeCommonTags: couldn't write 'year' tag to 'Mike Heckbert/Thus Spoke The Snake/08 - Too Far Gone.wma' as it's not a positive integer
writeCommonTags: couldn't write 'year' tag to 'Mike Heckbert/Thus Spoke The Snake/09 - Return.wma' as it's not a positive integer
writeCommonTags: couldn't write 'year' tag to 'Mike Heckbert/Thus Spoke The Snake/10 - Here I Am (Reprise).wma' as it's not a positive integer
